/*C3*/SET SCHEMA PUBLIC
DELETE FROM TTASKS WHERE ID=51
DELETE FROM TTASKS WHERE ID=53
DELETE FROM TTASKS WHERE ID=52
DELETE FROM TCATEGORIES WHERE ID=4
DELETE FROM TTASKS WHERE ID=60
DELETE FROM TTASKS WHERE ID=57
DELETE FROM TTASKS WHERE ID=59
DELETE FROM TTASKS WHERE ID=58
DELETE FROM TCATEGORIES WHERE ID=6
DELETE FROM TTASKS WHERE ID=54
DELETE FROM TTASKS WHERE ID=55
DELETE FROM TTASKS WHERE ID=56
DELETE FROM TCATEGORIES WHERE ID=5
DELETE FROM TTASKS WHERE ID=42
DELETE FROM TTASKS WHERE ID=39
DELETE FROM TTASKS WHERE ID=44
DELETE FROM TTASKS WHERE ID=37
DELETE FROM TTASKS WHERE ID=36
DELETE FROM TTASKS WHERE ID=45
DELETE FROM TTASKS WHERE ID=40
DELETE FROM TTASKS WHERE ID=33
DELETE FROM TTASKS WHERE ID=47
DELETE FROM TTASKS WHERE ID=38
DELETE FROM TTASKS WHERE ID=49
DELETE FROM TTASKS WHERE ID=35
DELETE FROM TTASKS WHERE ID=31
DELETE FROM TTASKS WHERE ID=34
DELETE FROM TTASKS WHERE ID=46
DELETE FROM TTASKS WHERE ID=32
DELETE FROM TTASKS WHERE ID=48
DELETE FROM TTASKS WHERE ID=43
DELETE FROM TTASKS WHERE ID=50
DELETE FROM TTASKS WHERE ID=41
DELETE FROM TUSERS WHERE ID=3
COMMIT
DELETE FROM TTASKS WHERE ID=21
DELETE FROM TTASKS WHERE ID=23
DELETE FROM TTASKS WHERE ID=22
DELETE FROM TCATEGORIES WHERE ID=1
DELETE FROM TTASKS WHERE ID=26
DELETE FROM TTASKS WHERE ID=25
DELETE FROM TTASKS WHERE ID=24
DELETE FROM TCATEGORIES WHERE ID=2
DELETE FROM TTASKS WHERE ID=30
DELETE FROM TTASKS WHERE ID=27
DELETE FROM TTASKS WHERE ID=29
DELETE FROM TTASKS WHERE ID=28
DELETE FROM TCATEGORIES WHERE ID=3
DELETE FROM TTASKS WHERE ID=8
DELETE FROM TTASKS WHERE ID=18
DELETE FROM TTASKS WHERE ID=20
DELETE FROM TTASKS WHERE ID=4
DELETE FROM TTASKS WHERE ID=2
DELETE FROM TTASKS WHERE ID=12
DELETE FROM TTASKS WHERE ID=10
DELETE FROM TTASKS WHERE ID=3
DELETE FROM TTASKS WHERE ID=16
DELETE FROM TTASKS WHERE ID=14
DELETE FROM TTASKS WHERE ID=11
DELETE FROM TTASKS WHERE ID=9
DELETE FROM TTASKS WHERE ID=19
DELETE FROM TTASKS WHERE ID=7
DELETE FROM TTASKS WHERE ID=17
DELETE FROM TTASKS WHERE ID=6
DELETE FROM TTASKS WHERE ID=13
DELETE FROM TTASKS WHERE ID=15
DELETE FROM TTASKS WHERE ID=5
DELETE FROM TTASKS WHERE ID=1
DELETE FROM TUSERS WHERE ID=2
COMMIT
DELETE FROM TTASKS WHERE ID=61
DELETE FROM TTASKS WHERE ID=62
DELETE FROM TTASKS WHERE ID=63
DELETE FROM TTASKS WHERE ID=64
DELETE FROM TTASKS WHERE ID=65
DELETE FROM TTASKS WHERE ID=66
DELETE FROM TTASKS WHERE ID=67
DELETE FROM TTASKS WHERE ID=68
DELETE FROM TTASKS WHERE ID=69
DELETE FROM TTASKS WHERE ID=70
DELETE FROM TTASKS WHERE ID=71
DELETE FROM TTASKS WHERE ID=72
DELETE FROM TTASKS WHERE ID=73
DELETE FROM TTASKS WHERE ID=74
DELETE FROM TTASKS WHERE ID=75
DELETE FROM TTASKS WHERE ID=76
DELETE FROM TTASKS WHERE ID=77
DELETE FROM TTASKS WHERE ID=78
DELETE FROM TTASKS WHERE ID=79
DELETE FROM TTASKS WHERE ID=80
DELETE FROM TTASKS WHERE ID=81
DELETE FROM TTASKS WHERE ID=82
DELETE FROM TTASKS WHERE ID=83
DELETE FROM TTASKS WHERE ID=84
DELETE FROM TTASKS WHERE ID=85
DELETE FROM TTASKS WHERE ID=86
DELETE FROM TTASKS WHERE ID=87
DELETE FROM TTASKS WHERE ID=88
DELETE FROM TTASKS WHERE ID=89
DELETE FROM TTASKS WHERE ID=90
DELETE FROM TCATEGORIES WHERE ID=7
DELETE FROM TCATEGORIES WHERE ID=8
DELETE FROM TCATEGORIES WHERE ID=9
DELETE FROM TUSERS WHERE ID=4
INSERT INTO TUSERS VALUES(2,'user1@mail.com',FALSE,'user1','user1','ENABLED')
INSERT INTO TUSERS VALUES(3,'user2@mail.com',FALSE,'user2','user2','ENABLED')
INSERT INTO TUSERS VALUES(4,'user3@mail.com',FALSE,'user3','user3','ENABLED')
INSERT INTO TCATEGORIES VALUES(1,'Categoria1',2,'2017-04-11 18:52:50.048000')
INSERT INTO TCATEGORIES VALUES(2,'Categoria2',2,'2017-04-11 18:52:52.049000')
INSERT INTO TCATEGORIES VALUES(3,'Categoria3',2,'2017-04-11 18:52:54.050000')
INSERT INTO TCATEGORIES VALUES(4,'Categoria1',3,'2017-04-11 18:52:50.050000')
INSERT INTO TCATEGORIES VALUES(5,'Categoria2',3,'2017-04-11 18:52:52.051000')
INSERT INTO TCATEGORIES VALUES(6,'Categoria3',3,'2017-04-11 18:52:54.052000')
INSERT INTO TCATEGORIES VALUES(7,'Categoria1',4,'2017-04-11 18:52:50.052000')
INSERT INTO TCATEGORIES VALUES(8,'Categoria2',4,'2017-04-11 18:52:52.053000')
INSERT INTO TCATEGORIES VALUES(9,'Categoria3',4,'2017-04-11 18:52:54.054000')
INSERT INTO TTASKS VALUES(1,'tarea 01 de user1','2017-04-11 18:52:50.054000',NULL,'2017-04-12','tarea01',NULL,2)
INSERT INTO TTASKS VALUES(2,'tarea 02 de user1','2017-04-11 18:52:52.055000',NULL,'2017-04-12','tarea02',NULL,2)
INSERT INTO TTASKS VALUES(3,'tarea 03 de user1','2017-04-11 18:52:54.056000',NULL,'2017-04-13','tarea03',NULL,2)
INSERT INTO TTASKS VALUES(4,'tarea 04 de user1','2017-04-11 18:52:56.057000',NULL,'2017-04-13','tarea04',NULL,2)
INSERT INTO TTASKS VALUES(5,'tarea 05 de user1','2017-04-11 18:52:58.058000',NULL,'2017-04-14','tarea05',NULL,2)
INSERT INTO TTASKS VALUES(6,'tarea 06 de user1','2017-04-11 18:53:00.059000',NULL,'2017-04-14','tarea06',NULL,2)
INSERT INTO TTASKS VALUES(7,'tarea 07 de user1','2017-04-11 18:53:02.059000',NULL,'2017-04-15','tarea07',NULL,2)
INSERT INTO TTASKS VALUES(8,'tarea 08 de user1','2017-04-11 18:53:04.060000',NULL,'2017-04-15','tarea08',NULL,2)
INSERT INTO TTASKS VALUES(9,'tarea 09 de user1','2017-04-11 18:53:06.061000',NULL,'2017-04-16','tarea09',NULL,2)
INSERT INTO TTASKS VALUES(10,'tarea 10 de user1','2017-04-11 18:53:08.061000',NULL,'2017-04-17','tarea10',NULL,2)
INSERT INTO TTASKS VALUES(11,'tarea 11 de user1','2017-04-11 18:53:10.062000',NULL,'2017-04-11','tarea11',NULL,2)
INSERT INTO TTASKS VALUES(12,'tarea 12 de user1','2017-04-11 18:53:12.063000',NULL,'2017-04-11','tarea12',NULL,2)
INSERT INTO TTASKS VALUES(13,'tarea 13 de user1','2017-04-11 18:53:14.063000',NULL,'2017-04-11','tarea13',NULL,2)
INSERT INTO TTASKS VALUES(14,'tarea 14 de user1','2017-04-11 18:53:16.064000',NULL,'2017-04-11','tarea14',NULL,2)
INSERT INTO TTASKS VALUES(15,'tarea 15 de user1','2017-04-11 18:53:18.065000',NULL,'2017-04-11','tarea15',NULL,2)
INSERT INTO TTASKS VALUES(16,'tarea 16 de user1','2017-04-11 18:53:20.065000',NULL,'2017-04-11','tarea16',NULL,2)
INSERT INTO TTASKS VALUES(17,'tarea 17 de user1','2017-04-11 18:53:22.066000',NULL,'2017-04-11','tarea17',NULL,2)
INSERT INTO TTASKS VALUES(18,'tarea 18 de user1','2017-04-11 18:53:24.067000',NULL,'2017-04-11','tarea18',NULL,2)
INSERT INTO TTASKS VALUES(19,'tarea 19 de user1','2017-04-11 18:53:26.068000',NULL,'2017-04-11','tarea19',NULL,2)
INSERT INTO TTASKS VALUES(20,'tarea 20 de user1','2017-04-11 18:53:28.068000',NULL,'2017-04-11','tarea20',NULL,2)
INSERT INTO TTASKS VALUES(21,'tarea 21 de la categoria1 de user1','2017-04-11 18:53:30.069000',NULL,'2017-04-09','tarea21',1,2)
INSERT INTO TTASKS VALUES(22,'tarea 22 de la categoria1 de user1','2017-04-11 18:53:32.070000',NULL,'2017-04-09','tarea22',1,2)
INSERT INTO TTASKS VALUES(23,'tarea 23 de la categoria1 de user1','2017-04-11 18:53:34.071000',NULL,'2017-04-09','tarea23',1,2)
INSERT INTO TTASKS VALUES(24,'tarea 24 de la categoria2 de user1','2017-04-11 18:53:36.072000',NULL,'2017-04-08','tarea24',2,2)
INSERT INTO TTASKS VALUES(25,'tarea 25 de la categoria2 de user1','2017-04-11 18:53:38.073000',NULL,'2017-04-08','tarea25',2,2)
INSERT INTO TTASKS VALUES(26,'tarea 26 de la categoria2 de user1','2017-04-11 18:53:40.074000',NULL,'2017-04-08','tarea26',2,2)
INSERT INTO TTASKS VALUES(27,'tarea 27 de la categoria3 de user1','2017-04-11 18:53:42.075000',NULL,'2017-04-07','tarea27',3,2)
INSERT INTO TTASKS VALUES(28,'tarea 28 de la categoria3 de user1','2017-04-11 18:53:44.076000',NULL,'2017-04-07','tarea28',3,2)
INSERT INTO TTASKS VALUES(29,'tarea 29 de la categoria3 de user1','2017-04-11 18:53:46.077000',NULL,'2017-04-07','tarea29',3,2)
INSERT INTO TTASKS VALUES(30,'tarea 30 de la categoria3 de user1','2017-04-11 18:53:48.077000',NULL,'2017-04-07','tarea30',3,2)
INSERT INTO TTASKS VALUES(31,'tarea 01 de user2','2017-04-11 18:52:50.078000',NULL,'2017-04-12','tarea01',NULL,3)
INSERT INTO TTASKS VALUES(32,'tarea 02 de user2','2017-04-11 18:52:52.079000',NULL,'2017-04-12','tarea02',NULL,3)
INSERT INTO TTASKS VALUES(33,'tarea 03 de user2','2017-04-11 18:52:54.080000',NULL,'2017-04-13','tarea03',NULL,3)
INSERT INTO TTASKS VALUES(34,'tarea 04 de user2','2017-04-11 18:52:56.081000',NULL,'2017-04-13','tarea04',NULL,3)
INSERT INTO TTASKS VALUES(35,'tarea 05 de user2','2017-04-11 18:52:58.082000',NULL,'2017-04-14','tarea05',NULL,3)
INSERT INTO TTASKS VALUES(36,'tarea 06 de user2','2017-04-11 18:53:00.082000',NULL,'2017-04-14','tarea06',NULL,3)
INSERT INTO TTASKS VALUES(37,'tarea 07 de user2','2017-04-11 18:53:02.083000',NULL,'2017-04-15','tarea07',NULL,3)
INSERT INTO TTASKS VALUES(38,'tarea 08 de user2','2017-04-11 18:53:04.084000',NULL,'2017-04-15','tarea08',NULL,3)
INSERT INTO TTASKS VALUES(39,'tarea 09 de user2','2017-04-11 18:53:06.085000',NULL,'2017-04-16','tarea09',NULL,3)
INSERT INTO TTASKS VALUES(40,'tarea 10 de user2','2017-04-11 18:53:08.086000',NULL,'2017-04-17','tarea10',NULL,3)
INSERT INTO TTASKS VALUES(41,'tarea 11 de user2','2017-04-11 18:53:10.087000',NULL,'2017-04-11','tarea11',NULL,3)
INSERT INTO TTASKS VALUES(42,'tarea 12 de user2','2017-04-11 18:53:12.087000',NULL,'2017-04-11','tarea12',NULL,3)
INSERT INTO TTASKS VALUES(43,'tarea 13 de user2','2017-04-11 18:53:14.088000',NULL,'2017-04-11','tarea13',NULL,3)
INSERT INTO TTASKS VALUES(44,'tarea 14 de user2','2017-04-11 18:53:16.089000',NULL,'2017-04-11','tarea14',NULL,3)
INSERT INTO TTASKS VALUES(45,'tarea 15 de user2','2017-04-11 18:53:18.089000',NULL,'2017-04-11','tarea15',NULL,3)
INSERT INTO TTASKS VALUES(46,'tarea 16 de user2','2017-04-11 18:53:20.090000',NULL,'2017-04-11','tarea16',NULL,3)
INSERT INTO TTASKS VALUES(47,'tarea 17 de user2','2017-04-11 18:53:22.091000',NULL,'2017-04-11','tarea17',NULL,3)
INSERT INTO TTASKS VALUES(48,'tarea 18 de user2','2017-04-11 18:53:24.091000',NULL,'2017-04-11','tarea18',NULL,3)
INSERT INTO TTASKS VALUES(49,'tarea 19 de user2','2017-04-11 18:53:26.092000',NULL,'2017-04-11','tarea19',NULL,3)
INSERT INTO TTASKS VALUES(50,'tarea 20 de user2','2017-04-11 18:53:28.092000',NULL,'2017-04-11','tarea20',NULL,3)
INSERT INTO TTASKS VALUES(51,'tarea 21 de la categoria1 de user2','2017-04-11 18:53:30.093000',NULL,'2017-04-09','tarea21',4,3)
INSERT INTO TTASKS VALUES(52,'tarea 22 de la categoria1 de user2','2017-04-11 18:53:32.093000',NULL,'2017-04-09','tarea22',4,3)
INSERT INTO TTASKS VALUES(53,'tarea 23 de la categoria1 de user2','2017-04-11 18:53:34.095000',NULL,'2017-04-09','tarea23',4,3)
INSERT INTO TTASKS VALUES(54,'tarea 24 de la categoria2 de user2','2017-04-11 18:53:36.095000',NULL,'2017-04-08','tarea24',5,3)
INSERT INTO TTASKS VALUES(55,'tarea 25 de la categoria2 de user2','2017-04-11 18:53:38.096000',NULL,'2017-04-08','tarea25',5,3)
INSERT INTO TTASKS VALUES(56,'tarea 26 de la categoria2 de user2','2017-04-11 18:53:40.097000',NULL,'2017-04-08','tarea26',5,3)
INSERT INTO TTASKS VALUES(57,'tarea 27 de la categoria3 de user2','2017-04-11 18:53:42.097000',NULL,'2017-04-07','tarea27',6,3)
INSERT INTO TTASKS VALUES(58,'tarea 28 de la categoria3 de user2','2017-04-11 18:53:44.098000',NULL,'2017-04-07','tarea28',6,3)
INSERT INTO TTASKS VALUES(59,'tarea 29 de la categoria3 de user2','2017-04-11 18:53:46.099000',NULL,'2017-04-07','tarea29',6,3)
INSERT INTO TTASKS VALUES(60,'tarea 30 de la categoria3 de user2','2017-04-11 18:53:48.099000',NULL,'2017-04-07','tarea30',6,3)
INSERT INTO TTASKS VALUES(61,'tarea 01 de user3','2017-04-11 18:52:50.100000',NULL,'2017-04-12','tarea01',NULL,4)
INSERT INTO TTASKS VALUES(62,'tarea 02 de user3','2017-04-11 18:52:52.101000',NULL,'2017-04-12','tarea02',NULL,4)
INSERT INTO TTASKS VALUES(63,'tarea 03 de user3','2017-04-11 18:52:54.101000',NULL,'2017-04-13','tarea03',NULL,4)
INSERT INTO TTASKS VALUES(64,'tarea 04 de user3','2017-04-11 18:52:56.102000',NULL,'2017-04-13','tarea04',NULL,4)
INSERT INTO TTASKS VALUES(65,'tarea 05 de user3','2017-04-11 18:52:58.102000',NULL,'2017-04-14','tarea05',NULL,4)
INSERT INTO TTASKS VALUES(66,'tarea 06 de user3','2017-04-11 18:53:00.103000',NULL,'2017-04-14','tarea06',NULL,4)
INSERT INTO TTASKS VALUES(67,'tarea 07 de user3','2017-04-11 18:53:02.104000',NULL,'2017-04-15','tarea07',NULL,4)
INSERT INTO TTASKS VALUES(68,'tarea 08 de user3','2017-04-11 18:53:04.104000',NULL,'2017-04-15','tarea08',NULL,4)
INSERT INTO TTASKS VALUES(69,'tarea 09 de user3','2017-04-11 18:53:06.105000',NULL,'2017-04-16','tarea09',NULL,4)
INSERT INTO TTASKS VALUES(70,'tarea 10 de user3','2017-04-11 18:53:08.105000',NULL,'2017-04-17','tarea10',NULL,4)
INSERT INTO TTASKS VALUES(71,'tarea 11 de user3','2017-04-11 18:53:10.106000',NULL,'2017-04-11','tarea11',NULL,4)
INSERT INTO TTASKS VALUES(72,'tarea 12 de user3','2017-04-11 18:53:12.106000',NULL,'2017-04-11','tarea12',NULL,4)
INSERT INTO TTASKS VALUES(73,'tarea 13 de user3','2017-04-11 18:53:14.107000',NULL,'2017-04-11','tarea13',NULL,4)
INSERT INTO TTASKS VALUES(74,'tarea 14 de user3','2017-04-11 18:53:16.107000',NULL,'2017-04-11','tarea14',NULL,4)
INSERT INTO TTASKS VALUES(75,'tarea 15 de user3','2017-04-11 18:53:18.108000',NULL,'2017-04-11','tarea15',NULL,4)
INSERT INTO TTASKS VALUES(76,'tarea 16 de user3','2017-04-11 18:53:20.108000',NULL,'2017-04-11','tarea16',NULL,4)
INSERT INTO TTASKS VALUES(77,'tarea 17 de user3','2017-04-11 18:53:22.109000',NULL,'2017-04-11','tarea17',NULL,4)
INSERT INTO TTASKS VALUES(78,'tarea 18 de user3','2017-04-11 18:53:24.109000',NULL,'2017-04-11','tarea18',NULL,4)
INSERT INTO TTASKS VALUES(79,'tarea 19 de user3','2017-04-11 18:53:26.110000',NULL,'2017-04-11','tarea19',NULL,4)
INSERT INTO TTASKS VALUES(80,'tarea 20 de user3','2017-04-11 18:53:28.111000',NULL,'2017-04-11','tarea20',NULL,4)
INSERT INTO TTASKS VALUES(81,'tarea 21 de la categoria1 de user3','2017-04-11 18:53:30.112000',NULL,'2017-04-09','tarea21',7,4)
INSERT INTO TTASKS VALUES(82,'tarea 22 de la categoria1 de user3','2017-04-11 18:53:32.112000',NULL,'2017-04-09','tarea22',7,4)
INSERT INTO TTASKS VALUES(83,'tarea 23 de la categoria1 de user3','2017-04-11 18:53:34.113000',NULL,'2017-04-09','tarea23',7,4)
INSERT INTO TTASKS VALUES(84,'tarea 24 de la categoria2 de user3','2017-04-11 18:53:36.114000',NULL,'2017-04-08','tarea24',8,4)
INSERT INTO TTASKS VALUES(85,'tarea 25 de la categoria2 de user3','2017-04-11 18:53:38.114000',NULL,'2017-04-08','tarea25',8,4)
INSERT INTO TTASKS VALUES(86,'tarea 26 de la categoria2 de user3','2017-04-11 18:53:40.115000',NULL,'2017-04-08','tarea26',8,4)
INSERT INTO TTASKS VALUES(87,'tarea 27 de la categoria3 de user3','2017-04-11 18:53:42.115000',NULL,'2017-04-07','tarea27',9,4)
INSERT INTO TTASKS VALUES(88,'tarea 28 de la categoria3 de user3','2017-04-11 18:53:44.116000',NULL,'2017-04-07','tarea28',9,4)
INSERT INTO TTASKS VALUES(89,'tarea 29 de la categoria3 de user3','2017-04-11 18:53:46.117000',NULL,'2017-04-07','tarea29',9,4)
INSERT INTO TTASKS VALUES(90,'tarea 30 de la categoria3 de user3','2017-04-11 18:53:48.117000',NULL,'2017-04-07','tarea30',9,4)
COMMIT
DELETE FROM TUSERS WHERE ID=4
INSERT INTO TUSERS VALUES(4,'user3@mail.com',FALSE,'user3','user3','DISABLED')
COMMIT
DISCONNECT
/*C4*/SET SCHEMA PUBLIC
DISCONNECT
/*C5*/SET SCHEMA PUBLIC
DISCONNECT
